<?xml version="1.0" encoding="UTF-8"?>
<!-- Generated by org.testng.reporters.JUnitReportReporter -->
<testsuite hostname="Jasprit" failures="0" tests="3" name="testcasespack.TC01_Register" time="9.637" errors="0" timestamp="2024-08-19T04:53:26 IST" skipped="0">
  <testcase classname="testcasespack.TC01_Register" name="TestData1" time="1.127"/>
  <system-out/>
  <testcase classname="testcasespack.TC01_Register" name="TestData2" time="1.123"/>
  <system-out/>
  <testcase classname="testcasespack.TC01_Register" name="TestData3" time="7.387"/>
  <system-out/>
</testsuite> <!-- testcasespack.TC01_Register -->
