<?xml version="1.0" encoding="UTF-8"?>
<!-- Generated by org.testng.reporters.JUnitReportReporter -->
<testsuite hostname="Jasprit" failures="0" tests="11" name="testcasespack.TC_HomePage" time="6.284" errors="0" timestamp="2024-08-16T13:57:48 IST" skipped="0">
  <testcase classname="testcasespack.TC_HomePage" name="VerifyLogo" time="0.107"/>
  <system-out/>
  <testcase classname="testcasespack.TC_HomePage" name="VerifyFeatured" time="0.062"/>
  <system-out/>
  <testcase classname="testcasespack.TC_HomePage" name="VerifyTitle" time="0.017"/>
  <system-out/>
  <testcase classname="testcasespack.TC_HomePage" name="VerifyFeaturedImages" time="0.075"/>
  <system-out/>
  <testcase classname="testcasespack.TC_HomePage" name="VerifyFoter" time="0.030"/>
  <system-out/>
  <testcase classname="testcasespack.TC_HomePage" name="VerifyCart" time="0.032"/>
  <system-out/>
  <testcase classname="testcasespack.TC_HomePage" name="VerifyNavContact" time="0.431"/>
  <system-out/>
  <testcase classname="testcasespack.TC_HomePage" name="VerifyNavRegister" time="3.644"/>
  <system-out/>
  <testcase classname="testcasespack.TC_HomePage" name="VerifyNavLogin" time="0.510"/>
  <system-out/>
  <testcase classname="testcasespack.TC_HomePage" name="VerifiIphoneSearch" time="0.065"/>
  <system-out/>
  <testcase classname="testcasespack.TC_HomePage" name="Search" time="1.311"/>
  <system-out/>
</testsuite> <!-- testcasespack.TC_HomePage -->
