<?xml version="1.0" encoding="UTF-8"?>
<!-- Generated by org.testng.reporters.JUnitReportReporter -->
<testsuite hostname="Jasprit" failures="0" tests="3" name="testcasespack.TC03_Products" time="4.178" errors="0" timestamp="2024-08-19T14:27:24 IST" skipped="0">
  <testcase classname="testcasespack.TC03_Products" name="Login" time="2.474"/>
  <system-out/>
  <testcase classname="testcasespack.TC03_Products" name="Desktop" time="1.303"/>
  <system-out/>
  <testcase classname="testcasespack.TC03_Products" name="VerifyProductVisibility" time="0.401"/>
  <system-out/>
</testsuite> <!-- testcasespack.TC03_Products -->
