<?xml version="1.0" encoding="UTF-8"?>
<!-- Generated by org.testng.reporters.JUnitReportReporter -->
<testsuite hostname="Jasprit" failures="0" tests="2" name="my_pack.Signup" time="1.669" errors="0" timestamp="2024-08-09T19:52:48 IST" skipped="0">
  <testcase classname="my_pack.Signup" name="VerifyTitle" time="0.015"/>
  <system-out/>
  <testcase classname="my_pack.Signup" name="Signup_Details" time="1.654"/>
  <system-out/>
</testsuite> <!-- my_pack.Signup -->
