<?xml version="1.0" encoding="UTF-8"?>
<!-- Generated by org.testng.reporters.JUnitReportReporter -->
<testsuite hostname="Jasprit" failures="0" tests="2" name="my_pack.P03_ProductsPage" time="10.605" errors="0" timestamp="2024-08-10T12:03:36 IST" skipped="0">
  <testcase classname="my_pack.P03_ProductsPage" name="monitors" time="1.778"/>
  <system-out/>
  <testcase classname="my_pack.P03_ProductsPage" name="login_Data" time="8.827"/>
  <system-out/>
</testsuite> <!-- my_pack.P03_ProductsPage -->
