<?xml version="1.0" encoding="UTF-8"?>
<!-- Generated by org.testng.reporters.JUnitReportReporter -->
<testsuite hostname="Jasprit" failures="0" tests="1" name="my_pack.P02_LoginPage" time="7.815" errors="0" timestamp="2024-08-10T15:40:59 IST" skipped="0">
  <testcase classname="my_pack.P02_LoginPage" name="login_Data" time="7.815"/>
  <system-out/>
</testsuite> <!-- my_pack.P02_LoginPage -->
