<?xml version="1.0" encoding="UTF-8"?>
<!-- Generated by org.testng.reporters.JUnitReportReporter -->
<testsuite hostname="Jasprit" failures="0" tests="6" name="testcasespack.TC02_Login" time="14.485" errors="0" timestamp="2024-08-19T10:17:15 IST" skipped="0">
  <testcase classname="testcasespack.TC02_Login" name="TestData1" time="2.746"/>
  <system-out/>
  <testcase classname="testcasespack.TC02_Login" name="TestData2" time="2.458"/>
  <system-out/>
  <testcase classname="testcasespack.TC02_Login" name="TestData3" time="2.217"/>
  <system-out/>
  <testcase classname="testcasespack.TC02_Login" name="TestData4" time="2.282"/>
  <system-out/>
  <testcase classname="testcasespack.TC02_Login" name="TestData6" time="2.243"/>
  <system-out/>
  <testcase classname="testcasespack.TC02_Login" name="TestData5" time="2.539"/>
  <system-out/>
</testsuite> <!-- testcasespack.TC02_Login -->
