<?xml version="1.0" encoding="UTF-8"?>
<!-- Generated by org.testng.reporters.JUnitReportReporter -->
<testsuite hostname="Jasprit" failures="0" tests="1" name="my_pack.P01_RegisterAccountPage" time="8.248" errors="0" timestamp="2024-08-10T11:09:06 IST" skipped="0">
  <testcase classname="my_pack.P01_RegisterAccountPage" name="Signup_Details" time="8.248"/>
  <system-out/>
</testsuite> <!-- my_pack.P01_RegisterAccountPage -->
